<?xml version="1.0" encoding="UTF-8"?>
<!-- Generated by org.testng.reporters.JUnitReportReporter -->
<testsuite hostname="Torrey" failures="0" tests="1" name="FrameworkReference.LoginPageTest" time="0.016" errors="0" timestamp="2023-11-30T14:43:12 PST" skipped="0">
  <testcase classname="FrameworkReference.LoginPageTest" name="loginPageTitleTest" time="0.016"/>
</testsuite> <!-- FrameworkReference.LoginPageTest -->
